<?xml version="1.0" encoding="UTF-8"?>
<!-- Generated by org.testng.reporters.JUnitXMLReporter -->
<testsuite ignored="0" hostname="LAPTOP-QQUU9RBV" failures="0" tests="3" name="Test" time="16.193" errors="0" timestamp="2022-11-22T18:43:02 IST">
  <testcase classname="Pushadetails.GotdetailsofPushpa" name="detchdatafromIMDB" time="10.219"/>
  <testcase classname="Pushadetails.GotdetailsofPushpa" name="detchdatafromwiki" time="4.362"/>
  <testcase classname="Pushadetails.GotdetailsofPushpa" name="comparedetails" time="0.004"/>
</testsuite> <!-- Test -->
