<?xml version="1.0" encoding="UTF-8"?>
<!-- Generated by org.testng.reporters.JUnitXMLReporter -->
<testsuite ignored="0" hostname="LAPTOP-QQUU9RBV" failures="0" tests="3" name="Default test" time="17.377" errors="0" timestamp="2022-11-22T18:28:38 IST">
  <testcase classname="Pushadetails.GotdetailsfromIMDB" name="test1" time="11.114"/>
  <testcase classname="Pushadetails.GotdetailsfromIMDB" name="test2" time="4.698"/>
  <testcase classname="Pushadetails.GotdetailsfromIMDB" name="test3" time="0.003"/>
</testsuite> <!-- Default test -->
