<?xml version="1.0" encoding="UTF-8"?>
<testng-results ignored="0" total="3" passed="3" failed="0" skipped="0">
  <reporter-output>
  </reporter-output>
  <suite started-at="2022-11-22T18:42:46 IST" name="Suite" finished-at="2022-11-22T18:43:02 IST" duration-ms="16193">
    <groups>
    </groups>
    <test started-at="2022-11-22T18:42:46 IST" name="Test" finished-at="2022-11-22T18:43:02 IST" duration-ms="16193">
      <class name="Pushadetails.GotdetailsofPushpa">
        <test-method is-config="true" signature="launchbrowser(java.lang.String)[pri:0, instance:Pushadetails.GotdetailsofPushpa@3e92efc3]" started-at="2022-11-22T18:42:46 IST" name="launchbrowser" finished-at="2022-11-22T18:42:47 IST" duration-ms="1559" status="PASS">
          <params>
            <param index="0">
              <value>
                <![CDATA[chrome]]>
              </value>
            </param>
          </params>
          <reporter-output>
          </reporter-output>
        </test-method> <!-- launchbrowser -->
        <test-method signature="detchdatafromIMDB()[pri:1, instance:Pushadetails.GotdetailsofPushpa@3e92efc3]" started-at="2022-11-22T18:42:47 IST" name="detchdatafromIMDB" finished-at="2022-11-22T18:42:58 IST" duration-ms="10219" status="PASS">
          <reporter-output>
          </reporter-output>
        </test-method> <!-- detchdatafromIMDB -->
        <test-method signature="detchdatafromwiki()[pri:2, instance:Pushadetails.GotdetailsofPushpa@3e92efc3]" started-at="2022-11-22T18:42:58 IST" name="detchdatafromwiki" finished-at="2022-11-22T18:43:02 IST" duration-ms="4362" status="PASS">
          <reporter-output>
          </reporter-output>
        </test-method> <!-- detchdatafromwiki -->
        <test-method signature="comparedetails()[pri:3, instance:Pushadetails.GotdetailsofPushpa@3e92efc3]" started-at="2022-11-22T18:43:02 IST" name="comparedetails" finished-at="2022-11-22T18:43:02 IST" duration-ms="4" status="PASS">
          <reporter-output>
          </reporter-output>
        </test-method> <!-- comparedetails -->
        <test-method is-config="true" signature="closeBrowser()[pri:0, instance:Pushadetails.GotdetailsofPushpa@3e92efc3]" started-at="2022-11-22T18:43:02 IST" name="closeBrowser" finished-at="2022-11-22T18:43:02 IST" duration-ms="0" status="PASS">
          <reporter-output>
          </reporter-output>
        </test-method> <!-- closeBrowser -->
      </class> <!-- Pushadetails.GotdetailsofPushpa -->
    </test> <!-- Test -->
  </suite> <!-- Suite -->
</testng-results>
